# JRE version: OpenJDK Runtime Environment (8.0_152-b01) (build 1.8.0_152-release-915-b01)
# Java VM: OpenJDK 64-Bit Server VM (25.152-b01 mixed mode windows-amd64 compressed oops)
Heap:
 PSYoungGen      total 107520K, used 5001K [0x00000000e0000000, 0x00000000e9f80000, 0x0000000100000000)
  eden space 96768K, 5% used [0x00000000e0000000,0x00000000e04e2628,0x00000000e5e80000)
  from space 10752K, 0% used [0x00000000e5e80000,0x00000000e5e80000,0x00000000e6900000)
  to   space 11264K, 0% used [0x00000000e9480000,0x00000000e9480000,0x00000000e9f80000)
 ParOldGen       total 66048K, used 16118K [0x00000000a0000000, 0x00000000a4080000, 0x00000000e0000000)
  object space 66048K, 24% used [0x00000000a0000000,0x00000000a0fbdae8,0x00000000a4080000)
 Metaspace       used 35010K, capacity 35849K, committed 36312K, reserved 1081344K
  class space    used 4750K, capacity 4999K, committed 5120K, reserved 1048576K
GC Heap History (10 events):
Event: 4.221 GC heap before
{Heap before GC invocations=5 (full 1):
 PSYoungGen      total 71680K, used 5112K [0x00000000e0000000, 0x00000000e4b00000, 0x0000000100000000)
  eden space 66560K, 0% used [0x00000000e0000000,0x00000000e0000000,0x00000000e4100000)
  from space 5120K, 99% used [0x00000000e4600000,0x00000000e4afe040,0x00000000e4b00000)
  to   space 5120K, 0% used [0x00000000e4100000,0x00000000e4100000,0x00000000e4600000)
 ParOldGen       total 87552K, used 8284K [0x00000000a0000000, 0x00000000a5580000, 0x00000000e0000000)
  object space 87552K, 9% used [0x00000000a0000000,0x00000000a08173c8,0x00000000a5580000)
 Metaspace       used 20615K, capacity 21110K, committed 21248K, reserved 1067008K
  class space    used 2846K, capacity 3010K, committed 3072K, reserved 1048576K
Event: 4.281 GC heap after
Heap after GC invocations=5 (full 1):
 PSYoungGen      total 71680K, used 0K [0x00000000e0000000, 0x00000000e4b00000, 0x0000000100000000)
  eden space 66560K, 0% used [0x00000000e0000000,0x00000000e0000000,0x00000000e4100000)
  from space 5120K, 0% used [0x00000000e4600000,0x00000000e4600000,0x00000000e4b00000)
  to   space 5120K, 0% used [0x00000000e4100000,0x00000000e4100000,0x00000000e4600000)
 ParOldGen       total 66048K, used 9067K [0x00000000a0000000, 0x00000000a4080000, 0x00000000e0000000)
  object space 66048K, 13% used [0x00000000a0000000,0x00000000a08dac38,0x00000000a4080000)
 Metaspace       used 20615K, capacity 21110K, committed 21248K, reserved 1067008K
  class space    used 2846K, capacity 3010K, committed 3072K, reserved 1048576K
}
Event: 5.560 GC heap before
{Heap before GC invocations=6 (full 1):
 PSYoungGen      total 71680K, used 66560K [0x00000000e0000000, 0x00000000e4b00000, 0x0000000100000000)
  eden space 66560K, 100% used [0x00000000e0000000,0x00000000e4100000,0x00000000e4100000)
  from space 5120K, 0% used [0x00000000e4600000,0x00000000e4600000,0x00000000e4b00000)
  to   space 5120K, 0% used [0x00000000e4100000,0x00000000e4100000,0x00000000e4600000)
 ParOldGen       total 66048K, used 9067K [0x00000000a0000000, 0x00000000a4080000, 0x00000000e0000000)
  object space 66048K, 13% used [0x00000000a0000000,0x00000000a08dac38,0x00000000a4080000)
 Metaspace       used 25870K, capacity 26478K, committed 26752K, reserved 1073152K
  class space    used 3520K, capacity 3702K, committed 3712K, reserved 1048576K
Event: 5.576 GC heap after
Heap after GC invocations=6 (full 1):
 PSYoungGen      total 71680K, used 5102K [0x00000000e0000000, 0x00000000e7480000, 0x0000000100000000)
  eden space 66560K, 0% used [0x00000000e0000000,0x00000000e0000000,0x00000000e4100000)
  from space 5120K, 99% used [0x00000000e4100000,0x00000000e45fb860,0x00000000e4600000)
  to   space 10752K, 0% used [0x00000000e6a00000,0x00000000e6a00000,0x00000000e7480000)
 ParOldGen       total 66048K, used 11307K [0x00000000a0000000, 0x00000000a4080000, 0x00000000e0000000)
  object space 66048K, 17% used [0x00000000a0000000,0x00000000a0b0adb8,0x00000000a4080000)
 Metaspace       used 25870K, capacity 26478K, committed 26752K, reserved 1073152K
  class space    used 3520K, capacity 3702K, committed 3712K, reserved 1048576K
}
Event: 6.842 GC heap before
{Heap before GC invocations=7 (full 1):
 PSYoungGen      total 71680K, used 71662K [0x00000000e0000000, 0x00000000e7480000, 0x0000000100000000)
  eden space 66560K, 100% used [0x00000000e0000000,0x00000000e4100000,0x00000000e4100000)
  from space 5120K, 99% used [0x00000000e4100000,0x00000000e45fb860,0x00000000e4600000)
  to   space 10752K, 0% used [0x00000000e6a00000,0x00000000e6a00000,0x00000000e7480000)
 ParOldGen       total 66048K, used 11307K [0x00000000a0000000, 0x00000000a4080000, 0x00000000e0000000)
  object space 66048K, 17% used [0x00000000a0000000,0x00000000a0b0adb8,0x00000000a4080000)
 Metaspace       used 30225K, capacity 30840K, committed 30976K, reserved 1075200K
  class space    used 4118K, capacity 4323K, committed 4352K, reserved 1048576K
Event: 6.855 GC heap after
Heap after GC invocations=7 (full 1):
 PSYoungGen      total 106496K, used 8083K [0x00000000e0000000, 0x00000000e7380000, 0x0000000100000000)
  eden space 96768K, 0% used [0x00000000e0000000,0x00000000e0000000,0x00000000e5e80000)
  from space 9728K, 83% used [0x00000000e6a00000,0x00000000e71e4ed8,0x00000000e7380000)
  to   space 10752K, 0% used [0x00000000e5e80000,0x00000000e5e80000,0x00000000e6900000)
 ParOldGen       total 66048K, used 11379K [0x00000000a0000000, 0x00000000a4080000, 0x00000000e0000000)
  object space 66048K, 17% used [0x00000000a0000000,0x00000000a0b1cdc8,0x00000000a4080000)
 Metaspace       used 30225K, capacity 30840K, committed 30976K, reserved 1075200K
  class space    used 4118K, capacity 4323K, committed 4352K, reserved 1048576K
}
Event: 8.287 GC heap before
{Heap before GC invocations=8 (full 1):
 PSYoungGen      total 106496K, used 65231K [0x00000000e0000000, 0x00000000e7380000, 0x0000000100000000)
  eden space 96768K, 59% used [0x00000000e0000000,0x00000000e37cee48,0x00000000e5e80000)
  from space 9728K, 83% used [0x00000000e6a00000,0x00000000e71e4ed8,0x00000000e7380000)
  to   space 10752K, 0% used [0x00000000e5e80000,0x00000000e5e80000,0x00000000e6900000)
 ParOldGen       total 66048K, used 11379K [0x00000000a0000000, 0x00000000a4080000, 0x00000000e0000000)
  object space 66048K, 17% used [0x00000000a0000000,0x00000000a0b1cdc8,0x00000000a4080000)
 Metaspace       used 34428K, capacity 35241K, committed 35416K, reserved 1079296K
  class space    used 4673K, capacity 4925K, committed 4992K, reserved 1048576K
Event: 8.303 GC heap after
Heap after GC invocations=8 (full 1):
 PSYoungGen      total 107520K, used 9781K [0x00000000e0000000, 0x00000000e9f80000, 0x0000000100000000)
  eden space 96768K, 0% used [0x00000000e0000000,0x00000000e0000000,0x00000000e5e80000)
  from space 10752K, 90% used [0x00000000e5e80000,0x00000000e680d7a0,0x00000000e6900000)
  to   space 11264K, 0% used [0x00000000e9480000,0x00000000e9480000,0x00000000e9f80000)
 ParOldGen       total 66048K, used 11387K [0x00000000a0000000, 0x00000000a4080000, 0x00000000e0000000)
  object space 66048K, 17% used [0x00000000a0000000,0x00000000a0b1edc8,0x00000000a4080000)
 Metaspace       used 34428K, capacity 35241K, committed 35416K, reserved 1079296K
  class space    used 4673K, capacity 4925K, committed 4992K, reserved 1048576K
}
Event: 8.303 GC heap before
{Heap before GC invocations=9 (full 2):
 PSYoungGen      total 107520K, used 9781K [0x00000000e0000000, 0x00000000e9f80000, 0x0000000100000000)
  eden space 96768K, 0% used [0x00000000e0000000,0x00000000e0000000,0x00000000e5e80000)
  from space 10752K, 90% used [0x00000000e5e80000,0x00000000e680d7a0,0x00000000e6900000)
  to   space 11264K, 0% used [0x00000000e9480000,0x00000000e9480000,0x00000000e9f80000)
 ParOldGen       total 66048K, used 11387K [0x00000000a0000000, 0x00000000a4080000, 0x00000000e0000000)
  object space 66048K, 17% used [0x00000000a0000000,0x00000000a0b1edc8,0x00000000a4080000)
 Metaspace       used 34428K, capacity 35241K, committed 35416K, reserved 1079296K
  class space    used 4673K, capacity 4925K, committed 4992K, reserved 1048576K
Event: 8.394 GC heap after
Heap after GC invocations=9 (full 2):
 PSYoungGen      total 107520K, used 0K [0x00000000e0000000, 0x00000000e9f80000, 0x0000000100000000)
  eden space 96768K, 0% used [0x00000000e0000000,0x00000000e0000000,0x00000000e5e80000)
  from space 10752K, 0% used [0x00000000e5e80000,0x00000000e5e80000,0x00000000e6900000)
  to   space 11264K, 0% used [0x00000000e9480000,0x00000000e9480000,0x00000000e9f80000)
 ParOldGen       total 66048K, used 16118K [0x00000000a0000000, 0x00000000a4080000, 0x00000000e0000000)
  object space 66048K, 24% used [0x00000000a0000000,0x00000000a0fbdae8,0x00000000a4080000)
 Metaspace       used 34428K, capacity 35241K, committed 35416K, reserved 1079296K
  class space    used 4673K, capacity 4925K, committed 4992K, reserved 1048576K
}

