# JRE version: OpenJDK Runtime Environment (8.0_152-b01) (build 1.8.0_152-release-915-b01)
# Java VM: OpenJDK 64-Bit Server VM (25.152-b01 mixed mode windows-amd64 compressed oops)
Heap:
 PSYoungGen      total 107008K, used 67092K [0x00000000e0000000, 0x00000000e7300000, 0x0000000100000000)
  eden space 96256K, 58% used [0x00000000e0000000,0x00000000e3705db8,0x00000000e5e00000)
  from space 10752K, 99% used [0x00000000e5e00000,0x00000000e687f500,0x00000000e6880000)
  to   space 9728K, 0% used [0x00000000e6980000,0x00000000e6980000,0x00000000e7300000)
 ParOldGen       total 65024K, used 19010K [0x00000000a0000000, 0x00000000a3f80000, 0x00000000e0000000)
  object space 65024K, 29% used [0x00000000a0000000,0x00000000a1290b28,0x00000000a3f80000)
 Metaspace       used 50909K, capacity 52683K, committed 52952K, reserved 1095680K
  class space    used 6867K, capacity 7355K, committed 7424K, reserved 1048576K
GC Heap History (10 events):
Event: 6.846 GC heap before
{Heap before GC invocations=7 (full 1):
 PSYoungGen      total 71680K, used 71663K [0x00000000e0000000, 0x00000000e7400000, 0x0000000100000000)
  eden space 66560K, 100% used [0x00000000e0000000,0x00000000e4100000,0x00000000e4100000)
  from space 5120K, 99% used [0x00000000e4100000,0x00000000e45fbc70,0x00000000e4600000)
  to   space 10752K, 0% used [0x00000000e6980000,0x00000000e6980000,0x00000000e7400000)
 ParOldGen       total 65024K, used 11351K [0x00000000a0000000, 0x00000000a3f80000, 0x00000000e0000000)
  object space 65024K, 17% used [0x00000000a0000000,0x00000000a0b15eb0,0x00000000a3f80000)
 Metaspace       used 30245K, capacity 30904K, committed 31232K, reserved 1077248K
  class space    used 4123K, capacity 4323K, committed 4352K, reserved 1048576K
Event: 6.857 GC heap after
Heap after GC invocations=7 (full 1):
 PSYoungGen      total 105984K, used 8479K [0x00000000e0000000, 0x00000000e7300000, 0x0000000100000000)
  eden space 96256K, 0% used [0x00000000e0000000,0x00000000e0000000,0x00000000e5e00000)
  from space 9728K, 87% used [0x00000000e6980000,0x00000000e71c7ec8,0x00000000e7300000)
  to   space 10752K, 0% used [0x00000000e5e00000,0x00000000e5e00000,0x00000000e6880000)
 ParOldGen       total 65024K, used 11431K [0x00000000a0000000, 0x00000000a3f80000, 0x00000000e0000000)
  object space 65024K, 17% used [0x00000000a0000000,0x00000000a0b29ec0,0x00000000a3f80000)
 Metaspace       used 30245K, capacity 30904K, committed 31232K, reserved 1077248K
  class space    used 4123K, capacity 4323K, committed 4352K, reserved 1048576K
}
Event: 8.174 GC heap before
{Heap before GC invocations=8 (full 1):
 PSYoungGen      total 105984K, used 64185K [0x00000000e0000000, 0x00000000e7300000, 0x0000000100000000)
  eden space 96256K, 57% used [0x00000000e0000000,0x00000000e3666848,0x00000000e5e00000)
  from space 9728K, 87% used [0x00000000e6980000,0x00000000e71c7ec8,0x00000000e7300000)
  to   space 10752K, 0% used [0x00000000e5e00000,0x00000000e5e00000,0x00000000e6880000)
 ParOldGen       total 65024K, used 11431K [0x00000000a0000000, 0x00000000a3f80000, 0x00000000e0000000)
  object space 65024K, 17% used [0x00000000a0000000,0x00000000a0b29ec0,0x00000000a3f80000)
 Metaspace       used 34432K, capacity 35273K, committed 35416K, reserved 1079296K
  class space    used 4678K, capacity 4957K, committed 4992K, reserved 1048576K
Event: 8.191 GC heap after
Heap after GC invocations=8 (full 1):
 PSYoungGen      total 107008K, used 9802K [0x00000000e0000000, 0x00000000e7300000, 0x0000000100000000)
  eden space 96256K, 0% used [0x00000000e0000000,0x00000000e0000000,0x00000000e5e00000)
  from space 10752K, 91% used [0x00000000e5e00000,0x00000000e6792b68,0x00000000e6880000)
  to   space 9728K, 0% used [0x00000000e6980000,0x00000000e6980000,0x00000000e7300000)
 ParOldGen       total 65024K, used 11439K [0x00000000a0000000, 0x00000000a3f80000, 0x00000000e0000000)
  object space 65024K, 17% used [0x00000000a0000000,0x00000000a0b2bec0,0x00000000a3f80000)
 Metaspace       used 34432K, capacity 35273K, committed 35416K, reserved 1079296K
  class space    used 4678K, capacity 4957K, committed 4992K, reserved 1048576K
}
Event: 8.191 GC heap before
{Heap before GC invocations=9 (full 2):
 PSYoungGen      total 107008K, used 9802K [0x00000000e0000000, 0x00000000e7300000, 0x0000000100000000)
  eden space 96256K, 0% used [0x00000000e0000000,0x00000000e0000000,0x00000000e5e00000)
  from space 10752K, 91% used [0x00000000e5e00000,0x00000000e6792b68,0x00000000e6880000)
  to   space 9728K, 0% used [0x00000000e6980000,0x00000000e6980000,0x00000000e7300000)
 ParOldGen       total 65024K, used 11439K [0x00000000a0000000, 0x00000000a3f80000, 0x00000000e0000000)
  object space 65024K, 17% used [0x00000000a0000000,0x00000000a0b2bec0,0x00000000a3f80000)
 Metaspace       used 34432K, capacity 35273K, committed 35416K, reserved 1079296K
  class space    used 4678K, capacity 4957K, committed 4992K, reserved 1048576K
Event: 8.290 GC heap after
Heap after GC invocations=9 (full 2):
 PSYoungGen      total 107008K, used 0K [0x00000000e0000000, 0x00000000e7300000, 0x0000000100000000)
  eden space 96256K, 0% used [0x00000000e0000000,0x00000000e0000000,0x00000000e5e00000)
  from space 10752K, 0% used [0x00000000e5e00000,0x00000000e5e00000,0x00000000e6880000)
  to   space 9728K, 0% used [0x00000000e6980000,0x00000000e6980000,0x00000000e7300000)
 ParOldGen       total 65024K, used 16018K [0x00000000a0000000, 0x00000000a3f80000, 0x00000000e0000000)
  object space 65024K, 24% used [0x00000000a0000000,0x00000000a0fa49e0,0x00000000a3f80000)
 Metaspace       used 34432K, capacity 35273K, committed 35416K, reserved 1079296K
  class space    used 4678K, capacity 4957K, committed 4992K, reserved 1048576K
}
Event: 9.772 GC heap before
{Heap before GC invocations=10 (full 2):
 PSYoungGen      total 107008K, used 96256K [0x00000000e0000000, 0x00000000e7300000, 0x0000000100000000)
  eden space 96256K, 100% used [0x00000000e0000000,0x00000000e5e00000,0x00000000e5e00000)
  from space 10752K, 0% used [0x00000000e5e00000,0x00000000e5e00000,0x00000000e6880000)
  to   space 9728K, 0% used [0x00000000e6980000,0x00000000e6980000,0x00000000e7300000)
 ParOldGen       total 65024K, used 16018K [0x00000000a0000000, 0x00000000a3f80000, 0x00000000e0000000)
  object space 65024K, 24% used [0x00000000a0000000,0x00000000a0fa49e0,0x00000000a3f80000)
 Metaspace       used 41025K, capacity 41987K, committed 42328K, reserved 1085440K
  class space    used 5459K, capacity 5752K, committed 5760K, reserved 1048576K
Event: 9.787 GC heap after
Heap after GC invocations=10 (full 2):
 PSYoungGen      total 105984K, used 9697K [0x00000000e0000000, 0x00000000e7300000, 0x0000000100000000)
  eden space 96256K, 0% used [0x00000000e0000000,0x00000000e0000000,0x00000000e5e00000)
  from space 9728K, 99% used [0x00000000e6980000,0x00000000e72f8768,0x00000000e7300000)
  to   space 10752K, 0% used [0x00000000e5e00000,0x00000000e5e00000,0x00000000e6880000)
 ParOldGen       total 65024K, used 16754K [0x00000000a0000000, 0x00000000a3f80000, 0x00000000e0000000)
  object space 65024K, 25% used [0x00000000a0000000,0x00000000a105c870,0x00000000a3f80000)
 Metaspace       used 41025K, capacity 41987K, committed 42328K, reserved 1085440K
  class space    used 5459K, capacity 5752K, committed 5760K, reserved 1048576K
}
Event: 12.220 GC heap before
{Heap before GC invocations=11 (full 2):
 PSYoungGen      total 105984K, used 105953K [0x00000000e0000000, 0x00000000e7300000, 0x0000000100000000)
  eden space 96256K, 100% used [0x00000000e0000000,0x00000000e5e00000,0x00000000e5e00000)
  from space 9728K, 99% used [0x00000000e6980000,0x00000000e72f8768,0x00000000e7300000)
  to   space 10752K, 0% used [0x00000000e5e00000,0x00000000e5e00000,0x00000000e6880000)
 ParOldGen       total 65024K, used 16754K [0x00000000a0000000, 0x00000000a3f80000, 0x00000000e0000000)
  object space 65024K, 25% used [0x00000000a0000000,0x00000000a105c870,0x00000000a3f80000)
 Metaspace       used 46460K, capacity 47565K, committed 47832K, reserved 1091584K
  class space    used 6189K, capacity 6546K, committed 6656K, reserved 1048576K
Event: 12.237 GC heap after
Heap after GC invocations=11 (full 2):
 PSYoungGen      total 107008K, used 10749K [0x00000000e0000000, 0x00000000e7300000, 0x0000000100000000)
  eden space 96256K, 0% used [0x00000000e0000000,0x00000000e0000000,0x00000000e5e00000)
  from space 10752K, 99% used [0x00000000e5e00000,0x00000000e687f500,0x00000000e6880000)
  to   space 9728K, 0% used [0x00000000e6980000,0x00000000e6980000,0x00000000e7300000)
 ParOldGen       total 65024K, used 19010K [0x00000000a0000000, 0x00000000a3f80000, 0x00000000e0000000)
  object space 65024K, 29% used [0x00000000a0000000,0x00000000a1290b28,0x00000000a3f80000)
 Metaspace       used 46460K, capacity 47565K, committed 47832K, reserved 1091584K
  class space    used 6189K, capacity 6546K, committed 6656K, reserved 1048576K
}

