# JRE version: OpenJDK Runtime Environment (8.0_152-b01) (build 1.8.0_152-release-915-b01)
# Java VM: OpenJDK 64-Bit Server VM (25.152-b01 mixed mode windows-amd64 compressed oops)
Heap:
 PSYoungGen      total 64000K, used 40511K [0x00000000e0000000, 0x00000000e5280000, 0x0000000100000000)
  eden space 53760K, 75% used [0x00000000e0000000,0x00000000e278ff88,0x00000000e3480000)
  from space 10240K, 0% used [0x00000000e3480000,0x00000000e3480000,0x00000000e3e80000)
  to   space 11264K, 0% used [0x00000000e4780000,0x00000000e4780000,0x00000000e5280000)
 ParOldGen       total 120320K, used 16097K [0x00000000a0000000, 0x00000000a7580000, 0x00000000e0000000)
  object space 120320K, 13% used [0x00000000a0000000,0x00000000a0fb8448,0x00000000a7580000)
 Metaspace       used 37758K, capacity 38665K, committed 38872K, reserved 1083392K
  class space    used 5070K, capacity 5363K, committed 5376K, reserved 1048576K
GC Heap History (10 events):
Event: 8.208 GC heap before
{Heap before GC invocations=7 (full 1):
 PSYoungGen      total 38400K, used 37353K [0x00000000e0000000, 0x00000000e3e80000, 0x0000000100000000)
  eden space 33280K, 100% used [0x00000000e0000000,0x00000000e2080000,0x00000000e2080000)
  from space 5120K, 79% used [0x00000000e2080000,0x00000000e247a4d0,0x00000000e2580000)
  to   space 11264K, 0% used [0x00000000e3380000,0x00000000e3380000,0x00000000e3e80000)
 ParOldGen       total 73216K, used 9070K [0x00000000a0000000, 0x00000000a4780000, 0x00000000e0000000)
  object space 73216K, 12% used [0x00000000a0000000,0x00000000a08dba40,0x00000000a4780000)
 Metaspace       used 25961K, capacity 26510K, committed 26880K, reserved 1073152K
  class space    used 3549K, capacity 3734K, committed 3840K, reserved 1048576K
Event: 8.221 GC heap after
Heap after GC invocations=7 (full 1):
 PSYoungGen      total 53248K, used 5489K [0x00000000e0000000, 0x00000000e3f80000, 0x0000000100000000)
  eden space 41984K, 0% used [0x00000000e0000000,0x00000000e0000000,0x00000000e2900000)
  from space 11264K, 48% used [0x00000000e3380000,0x00000000e38dc688,0x00000000e3e80000)
  to   space 10752K, 0% used [0x00000000e2900000,0x00000000e2900000,0x00000000e3380000)
 ParOldGen       total 73216K, used 9078K [0x00000000a0000000, 0x00000000a4780000, 0x00000000e0000000)
  object space 73216K, 12% used [0x00000000a0000000,0x00000000a08dda40,0x00000000a4780000)
 Metaspace       used 25961K, capacity 26510K, committed 26880K, reserved 1073152K
  class space    used 3549K, capacity 3734K, committed 3840K, reserved 1048576K
}
Event: 9.184 GC heap before
{Heap before GC invocations=8 (full 1):
 PSYoungGen      total 53248K, used 47473K [0x00000000e0000000, 0x00000000e3f80000, 0x0000000100000000)
  eden space 41984K, 100% used [0x00000000e0000000,0x00000000e2900000,0x00000000e2900000)
  from space 11264K, 48% used [0x00000000e3380000,0x00000000e38dc688,0x00000000e3e80000)
  to   space 10752K, 0% used [0x00000000e2900000,0x00000000e2900000,0x00000000e3380000)
 ParOldGen       total 73216K, used 9078K [0x00000000a0000000, 0x00000000a4780000, 0x00000000e0000000)
  object space 73216K, 12% used [0x00000000a0000000,0x00000000a08dda40,0x00000000a4780000)
 Metaspace       used 30007K, capacity 30648K, committed 30976K, reserved 1075200K
  class space    used 4115K, capacity 4323K, committed 4352K, reserved 1048576K
Event: 9.198 GC heap after
Heap after GC invocations=8 (full 1):
 PSYoungGen      total 52736K, used 7725K [0x00000000e0000000, 0x00000000e4b00000, 0x0000000100000000)
  eden space 41984K, 0% used [0x00000000e0000000,0x00000000e0000000,0x00000000e2900000)
  from space 10752K, 71% used [0x00000000e2900000,0x00000000e308b5e0,0x00000000e3380000)
  to   space 10752K, 0% used [0x00000000e4080000,0x00000000e4080000,0x00000000e4b00000)
 ParOldGen       total 73216K, used 9086K [0x00000000a0000000, 0x00000000a4780000, 0x00000000e0000000)
  object space 73216K, 12% used [0x00000000a0000000,0x00000000a08dfa40,0x00000000a4780000)
 Metaspace       used 30007K, capacity 30648K, committed 30976K, reserved 1075200K
  class space    used 4115K, capacity 4323K, committed 4352K, reserved 1048576K
}
Event: 10.756 GC heap before
{Heap before GC invocations=9 (full 1):
 PSYoungGen      total 52736K, used 49709K [0x00000000e0000000, 0x00000000e4b00000, 0x0000000100000000)
  eden space 41984K, 100% used [0x00000000e0000000,0x00000000e2900000,0x00000000e2900000)
  from space 10752K, 71% used [0x00000000e2900000,0x00000000e308b5e0,0x00000000e3380000)
  to   space 10752K, 0% used [0x00000000e4080000,0x00000000e4080000,0x00000000e4b00000)
 ParOldGen       total 73216K, used 9086K [0x00000000a0000000, 0x00000000a4780000, 0x00000000e0000000)
  object space 73216K, 12% used [0x00000000a0000000,0x00000000a08dfa40,0x00000000a4780000)
 Metaspace       used 30341K, capacity 30968K, committed 31232K, reserved 1077248K
  class space    used 4124K, capacity 4323K, committed 4352K, reserved 1048576K
Event: 10.765 GC heap after
Heap after GC invocations=9 (full 1):
 PSYoungGen      total 61952K, used 5648K [0x00000000e0000000, 0x00000000e4880000, 0x0000000100000000)
  eden space 53760K, 0% used [0x00000000e0000000,0x00000000e0000000,0x00000000e3480000)
  from space 8192K, 68% used [0x00000000e4080000,0x00000000e4604020,0x00000000e4880000)
  to   space 10240K, 0% used [0x00000000e3480000,0x00000000e3480000,0x00000000e3e80000)
 ParOldGen       total 73216K, used 9094K [0x00000000a0000000, 0x00000000a4780000, 0x00000000e0000000)
  object space 73216K, 12% used [0x00000000a0000000,0x00000000a08e1a40,0x00000000a4780000)
 Metaspace       used 30341K, capacity 30968K, committed 31232K, reserved 1077248K
  class space    used 4124K, capacity 4323K, committed 4352K, reserved 1048576K
}
Event: 12.782 GC heap before
{Heap before GC invocations=10 (full 1):
 PSYoungGen      total 61952K, used 42517K [0x00000000e0000000, 0x00000000e4880000, 0x0000000100000000)
  eden space 53760K, 68% used [0x00000000e0000000,0x00000000e2401798,0x00000000e3480000)
  from space 8192K, 68% used [0x00000000e4080000,0x00000000e4604020,0x00000000e4880000)
  to   space 10240K, 0% used [0x00000000e3480000,0x00000000e3480000,0x00000000e3e80000)
 ParOldGen       total 73216K, used 9094K [0x00000000a0000000, 0x00000000a4780000, 0x00000000e0000000)
  object space 73216K, 12% used [0x00000000a0000000,0x00000000a08e1a40,0x00000000a4780000)
 Metaspace       used 34450K, capacity 35273K, committed 35416K, reserved 1079296K
  class space    used 4679K, capacity 4957K, committed 4992K, reserved 1048576K
Event: 12.793 GC heap after
Heap after GC invocations=10 (full 1):
 PSYoungGen      total 64000K, used 9825K [0x00000000e0000000, 0x00000000e5280000, 0x0000000100000000)
  eden space 53760K, 0% used [0x00000000e0000000,0x00000000e0000000,0x00000000e3480000)
  from space 10240K, 95% used [0x00000000e3480000,0x00000000e3e18420,0x00000000e3e80000)
  to   space 11264K, 0% used [0x00000000e4780000,0x00000000e4780000,0x00000000e5280000)
 ParOldGen       total 73216K, used 9166K [0x00000000a0000000, 0x00000000a4780000, 0x00000000e0000000)
  object space 73216K, 12% used [0x00000000a0000000,0x00000000a08f3a50,0x00000000a4780000)
 Metaspace       used 34450K, capacity 35273K, committed 35416K, reserved 1079296K
  class space    used 4679K, capacity 4957K, committed 4992K, reserved 1048576K
}
Event: 12.793 GC heap before
{Heap before GC invocations=11 (full 2):
 PSYoungGen      total 64000K, used 9825K [0x00000000e0000000, 0x00000000e5280000, 0x0000000100000000)
  eden space 53760K, 0% used [0x00000000e0000000,0x00000000e0000000,0x00000000e3480000)
  from space 10240K, 95% used [0x00000000e3480000,0x00000000e3e18420,0x00000000e3e80000)
  to   space 11264K, 0% used [0x00000000e4780000,0x00000000e4780000,0x00000000e5280000)
 ParOldGen       total 73216K, used 9166K [0x00000000a0000000, 0x00000000a4780000, 0x00000000e0000000)
  object space 73216K, 12% used [0x00000000a0000000,0x00000000a08f3a50,0x00000000a4780000)
 Metaspace       used 34450K, capacity 35273K, committed 35416K, reserved 1079296K
  class space    used 4679K, capacity 4957K, committed 4992K, reserved 1048576K
Event: 12.885 GC heap after
Heap after GC invocations=11 (full 2):
 PSYoungGen      total 64000K, used 0K [0x00000000e0000000, 0x00000000e5280000, 0x0000000100000000)
  eden space 53760K, 0% used [0x00000000e0000000,0x00000000e0000000,0x00000000e3480000)
  from space 10240K, 0% used [0x00000000e3480000,0x00000000e3480000,0x00000000e3e80000)
  to   space 11264K, 0% used [0x00000000e4780000,0x00000000e4780000,0x00000000e5280000)
 ParOldGen       total 120320K, used 16097K [0x00000000a0000000, 0x00000000a7580000, 0x00000000e0000000)
  object space 120320K, 13% used [0x00000000a0000000,0x00000000a0fb8448,0x00000000a7580000)
 Metaspace       used 34450K, capacity 35273K, committed 35416K, reserved 1079296K
  class space    used 4679K, capacity 4957K, committed 4992K, reserved 1048576K
}

